生成启动时间为 2018/5/24 21:11:04。
     1>项目“G:\ARToolKit5\VisualStudio\vs120\nftBook.vcxproj”在节点 3 上(Build 个目标)。
     1>ClCompile:
         D:\Program Files (x86)\Microsoft Visual Studio 12.0\VC\bin\CL.exe /c /I"G:\ARToolKit5\VisualStudio\vs120\..\..\include\win32-i386" /IG:\ARToolKit5\VisualStudio\vs120\..\..\include /Zi /nologo /W3 /WX- /Od /Oy- /D WIN32 /D _DEBUG /D DEBUG /D _CONSOLE /D _CRT_SECURE_NO_DEPRECATE /D _VC80_UPGRADE=0x0710 /D _MBCS /Gm /EHsc /RTC1 /MDd /GS /fp:precise /Zc:wchar_t /Zc:forScope /Fo"Debug\nftBook\\" /Fd"Debug\nftBook\vc120.pdb" /Gd /TC /analyze- /errorReport:prompt ..\..\examples\nftBook\trackingSub.c ..\..\examples\nftBook\VirtualEnvironment.c ..\..\examples\nftBook\nftBook.c ..\..\examples\nftBook\ARMarkerNFT.c
         ARMarkerNFT.c
         nftBook.c
     1>..\..\examples\nftBook\nftBook.c(736): warning C4018: “<”: 有符号/无符号不匹配
         VirtualEnvironment.c
         trackingSub.c
         正在生成代码...
       Link:
         D:\Program Files (x86)\Microsoft Visual Studio 12.0\VC\bin\link.exe /ERRORREPORT:PROMPT /OUT:"G:\ARToolKit5\VisualStudio\vs120\..\..\bin\nftBookd.exe" /INCREMENTAL:NO /NOLOGO /LIBPATH:"G:\ARToolKit5\VisualStudio\vs120\..\..\lib\win32-i386" /LIBPATH:G:\ARToolKit5\VisualStudio\vs120\..\..\lib ARd.lib ARICPd.lib ARgsub_lited.lib ARvideod.lib ARosgd.lib AR2d.lib pthreadVC2.lib KPMd.lib ARUtild.lib libjpeg.lib shell32.lib kernel32.lib user32.lib gdi32.lib winspool.lib comdlg32.lib advapi32.lib shell32.lib ole32.lib oleaut32.lib uuid.lib odbc32.lib odbccp32.lib /MANIFEST /MANIFESTUAC:"level='asInvoker' uiAccess='false'" /manifest:embed /DEBUG /PDB:"G:\ARToolKit5\VisualStudio\vs120\..\..\bin\nftBook.pdb" /SUBSYSTEM:CONSOLE /TLBID:1 /DYNAMICBASE:NO /IMPLIB:"G:\ARToolKit5\VisualStudio\vs120\..\..\bin\nftBookd.lib" /MACHINE:X86 /SAFESEH Debug\nftBook\trackingSub.obj
         Debug\nftBook\VirtualEnvironment.obj
         Debug\nftBook\nftBook.obj
         Debug\nftBook\ARMarkerNFT.obj
         libjpeg.lib(jerror.obj) : 找到 MSIL .netmodule 或使用 /GL 编译的模块；正在使用 /LTCG 重新启动链接；将 /LTCG 添加到链接命令行以改进链接器性能
     1>LINK : warning LNK4098: 默认库“MSVCRT”与其他库的使用冲突；请使用 /NODEFAULTLIB:library
         正在生成代码
         已完成代码的生成
         nftBook.vcxproj -> G:\ARToolKit5\VisualStudio\vs120\..\..\bin\nftBookd.exe
     1>已完成生成项目“G:\ARToolKit5\VisualStudio\vs120\nftBook.vcxproj”(Build 个目标)的操作。

生成成功。

已用时间 00:00:03.25
