生成启动时间为 2018/5/24 21:15:22。
     1>项目“G:\ARToolKit5\VisualStudio\vs120\ARgsub.vcxproj”在节点 4 上(Build 个目标)。
     1>ClCompile:
         D:\Program Files (x86)\Microsoft Visual Studio 12.0\VC\bin\x86_amd64\CL.exe /c /I"G:\ARToolKit5\VisualStudio\vs120\..\..\include\win64-x64" /IG:\ARToolKit5\VisualStudio\vs120\..\..\include /nologo /W3 /WX- /O2 /D WIN32 /D NDEBUG /D _LIB /D _VC80_UPGRADE=0x0710 /D _MBCS /Gm- /EHsc /MD /GS /fp:precise /Zc:wchar_t /Zc:forScope /Fo"x64\Release\ARgsub\\" /Fd"x64\Release\ARgsub\vc120.pdb" /Gd /TC /errorReport:prompt ..\..\lib\SRC\Gl\argBase.c ..\..\lib\SRC\Gl\argDraw.c ..\..\lib\SRC\Gl\argDrawImage.c ..\..\lib\SRC\Gl\argDrawMode.c ..\..\lib\SRC\Gl\argFunction.c ..\..\lib\SRC\Gl\argWindow.c ..\..\lib\SRC\Gl\gsubTest.c
         argBase.c
         argDraw.c
         argDrawImage.c
         argDrawMode.c
         argFunction.c
         argWindow.c
         gsubTest.c
         正在生成代码...
       Lib:
         D:\Program Files (x86)\Microsoft Visual Studio 12.0\VC\bin\x86_amd64\Lib.exe /OUT:"G:\ARToolKit5\VisualStudio\vs120\..\..\lib\win64-x64\ARgsub.lib" /NOLOGO /MACHINE:X64 x64\Release\ARgsub\argBase.obj
         x64\Release\ARgsub\argDraw.obj
         x64\Release\ARgsub\argDrawImage.obj
         x64\Release\ARgsub\argDrawMode.obj
         x64\Release\ARgsub\argFunction.obj
         x64\Release\ARgsub\argWindow.obj
         x64\Release\ARgsub\gsubTest.obj
         ARgsub.vcxproj -> G:\ARToolKit5\VisualStudio\vs120\..\..\lib\win64-x64\ARgsub.lib
     1>已完成生成项目“G:\ARToolKit5\VisualStudio\vs120\ARgsub.vcxproj”(Build 个目标)的操作。

生成成功。

已用时间 00:00:03.74
