生成启动时间为 2018/5/24 21:14:24。
     1>项目“G:\ARToolKit5\VisualStudio\vs120\ARICP.vcxproj”在节点 4 上(Build 个目标)。
     1>ClCompile:
         D:\Program Files (x86)\Microsoft Visual Studio 12.0\VC\bin\x86_amd64\CL.exe /c /IG:\ARToolKit5\VisualStudio\vs120\..\..\include /nologo /W3 /WX- /Od /D WIN32 /D _DEBUG /D _LIB /D _CRT_SECURE_NO_DEPRECATE /D _VC80_UPGRADE=0x0710 /D _MBCS /Gm- /EHsc /RTC1 /MDd /GS /fp:precise /Zc:wchar_t /Zc:forScope /Fo"x64\Debug\ARICP\\" /Fd"x64\Debug\ARICP\vc120.pdb" /Gd /TC /errorReport:prompt ..\..\lib\SRC\ARICP\icpCalibStereo.c ..\..\lib\SRC\ARICP\icpCore.c ..\..\lib\SRC\ARICP\icpHandle.c ..\..\lib\SRC\ARICP\icpPoint.c ..\..\lib\SRC\ARICP\icpPointRobust.c ..\..\lib\SRC\ARICP\icpStereoHandle.c ..\..\lib\SRC\ARICP\icpStereoPoint.c ..\..\lib\SRC\ARICP\icpStereoPointRobust.c ..\..\lib\SRC\ARICP\icpUtil.c
         icpCalibStereo.c
         icpCore.c
         icpHandle.c
         icpPoint.c
         icpPointRobust.c
         icpStereoHandle.c
         icpStereoPoint.c
         icpStereoPointRobust.c
         icpUtil.c
         正在生成代码...
       Lib:
         D:\Program Files (x86)\Microsoft Visual Studio 12.0\VC\bin\x86_amd64\Lib.exe /OUT:"G:\ARToolKit5\VisualStudio\vs120\..\..\lib\win64-x64\ARICPd.lib" /NOLOGO /MACHINE:X64 x64\Debug\ARICP\icpCalibStereo.obj
         x64\Debug\ARICP\icpCore.obj
         x64\Debug\ARICP\icpHandle.obj
         x64\Debug\ARICP\icpPoint.obj
         x64\Debug\ARICP\icpPointRobust.obj
         x64\Debug\ARICP\icpStereoHandle.obj
         x64\Debug\ARICP\icpStereoPoint.obj
         x64\Debug\ARICP\icpStereoPointRobust.obj
         x64\Debug\ARICP\icpUtil.obj
         ARICP.vcxproj -> G:\ARToolKit5\VisualStudio\vs120\..\..\lib\win64-x64\ARICPd.lib
     1>已完成生成项目“G:\ARToolKit5\VisualStudio\vs120\ARICP.vcxproj”(Build 个目标)的操作。

生成成功。

已用时间 00:00:01.72
