生成启动时间为 2018/5/24 21:14:19。
     1>项目“G:\ARToolKit5\VisualStudio\vs120\Eden.vcxproj”在节点 2 上(Build 个目标)。
     1>ClCompile:
         D:\Program Files (x86)\Microsoft Visual Studio 12.0\VC\bin\x86_amd64\CL.exe /c /I"G:\ARToolKit5\VisualStudio\vs120\..\..\include\win64-x64" /IG:\ARToolKit5\VisualStudio\vs120\..\..\include /Zi /nologo /W3 /WX- /Od /D WIN32 /D _DEBUG /D _LIB /D _CRT_SECURE_NO_WARNINGS /D _VC80_UPGRADE=0x0710 /Gm- /EHsc /RTC1 /MDd /GS /fp:precise /Zc:wchar_t /Zc:forScope /Fo"x64\Debug\Eden\\" /Fd"x64\Debug\Eden\vc120.pdb" /Gd /TP /wd4996 /errorReport:prompt ..\..\lib\SRC\Eden\ALFramework.cpp ..\..\lib\SRC\Eden\CWaves.cpp
         ALFramework.cpp
         CWaves.cpp
         正在生成代码...
         D:\Program Files (x86)\Microsoft Visual Studio 12.0\VC\bin\x86_amd64\CL.exe /c /I"G:\ARToolKit5\VisualStudio\vs120\..\..\include\win64-x64" /IG:\ARToolKit5\VisualStudio\vs120\..\..\include /Zi /nologo /W3 /WX- /Od /D WIN32 /D _DEBUG /D _LIB /D _CRT_SECURE_NO_WARNINGS /D _VC80_UPGRADE=0x0710 /Gm- /EHsc /RTC1 /MDd /GS /fp:precise /Zc:wchar_t /Zc:forScope /Fo"x64\Debug\Eden\\" /Fd"x64\Debug\Eden\vc120.pdb" /Gd /TC /wd4996 /errorReport:prompt ..\..\lib\SRC\Eden\EdenError.c ..\..\lib\SRC\Eden\EdenGLFont.c ..\..\lib\SRC\Eden\EdenMath.c ..\..\lib\SRC\Eden\EdenMessage.c ..\..\lib\SRC\Eden\EdenSound.c ..\..\lib\SRC\Eden\EdenSurfaces.c ..\..\lib\SRC\Eden\EdenTime.c ..\..\lib\SRC\Eden\EdenUtil.c ..\..\lib\SRC\Eden\glm.c ..\..\lib\SRC\Eden\readtex.c
         EdenError.c
         EdenGLFont.c
     1>..\..\lib\SRC\Eden\EdenGLFont.c(376): warning C4018: “<”: 有符号/无符号不匹配
     1>..\..\lib\SRC\Eden\EdenGLFont.c(588): warning C4018: “<”: 有符号/无符号不匹配
         EdenMath.c
         EdenMessage.c
         EdenSound.c
         EdenSurfaces.c
         EdenTime.c
         EdenUtil.c
         glm.c
     1>..\..\lib\SRC\Eden\glm.c(2418): warning C4018: “<”: 有符号/无符号不匹配
     1>..\..\lib\SRC\Eden\glm.c(2485): warning C4018: “<=”: 有符号/无符号不匹配
     1>..\..\lib\SRC\Eden\glm.c(2546): warning C4018: “<”: 有符号/无符号不匹配
         readtex.c
         正在生成代码...
       Lib:
         D:\Program Files (x86)\Microsoft Visual Studio 12.0\VC\bin\x86_amd64\Lib.exe /OUT:"G:\ARToolKit5\VisualStudio\vs120\..\..\lib\win64-x64\Edend.lib" /NOLOGO /MACHINE:X64 x64\Debug\Eden\ALFramework.obj
         x64\Debug\Eden\CWaves.obj
         x64\Debug\Eden\EdenError.obj
         x64\Debug\Eden\EdenGLFont.obj
         x64\Debug\Eden\EdenMath.obj
         x64\Debug\Eden\EdenMessage.obj
         x64\Debug\Eden\EdenSound.obj
         x64\Debug\Eden\EdenSurfaces.obj
         x64\Debug\Eden\EdenTime.obj
         x64\Debug\Eden\EdenUtil.obj
         x64\Debug\Eden\glm.obj
         x64\Debug\Eden\readtex.obj
         Eden.vcxproj -> G:\ARToolKit5\VisualStudio\vs120\..\..\lib\win64-x64\Edend.lib
     1>已完成生成项目“G:\ARToolKit5\VisualStudio\vs120\Eden.vcxproj”(Build 个目标)的操作。

生成成功。

已用时间 00:00:04.92
