生成启动时间为 2018/5/24 21:11:51。
     1>项目“G:\ARToolKit5\VisualStudio\vs120\Eden.vcxproj”在节点 3 上(Build 个目标)。
     1>ClCompile:
         D:\Program Files (x86)\Microsoft Visual Studio 12.0\VC\bin\CL.exe /c /I"G:\ARToolKit5\VisualStudio\vs120\..\..\include\win32-i386" /IG:\ARToolKit5\VisualStudio\vs120\..\..\include /nologo /W3 /WX- /O2 /Oy- /D WIN32 /D NDEBUG /D _LIB /D _CRT_SECURE_NO_WARNINGS /D _VC80_UPGRADE=0x0710 /Gm- /EHsc /MD /GS /fp:precise /Zc:wchar_t /Zc:forScope /Fo"Release\Eden\\" /Fd"Release\Eden\vc120.pdb" /Gd /TP /wd4996 /analyze- /errorReport:prompt ..\..\lib\SRC\Eden\ALFramework.cpp ..\..\lib\SRC\Eden\CWaves.cpp
         ALFramework.cpp
         CWaves.cpp
         正在生成代码...
         D:\Program Files (x86)\Microsoft Visual Studio 12.0\VC\bin\CL.exe /c /I"G:\ARToolKit5\VisualStudio\vs120\..\..\include\win32-i386" /IG:\ARToolKit5\VisualStudio\vs120\..\..\include /nologo /W3 /WX- /O2 /Oy- /D WIN32 /D NDEBUG /D _LIB /D _CRT_SECURE_NO_WARNINGS /D _VC80_UPGRADE=0x0710 /Gm- /EHsc /MD /GS /fp:precise /Zc:wchar_t /Zc:forScope /Fo"Release\Eden\\" /Fd"Release\Eden\vc120.pdb" /Gd /TC /wd4996 /analyze- /errorReport:prompt ..\..\lib\SRC\Eden\EdenError.c ..\..\lib\SRC\Eden\EdenGLFont.c ..\..\lib\SRC\Eden\EdenMath.c ..\..\lib\SRC\Eden\EdenMessage.c ..\..\lib\SRC\Eden\EdenSound.c ..\..\lib\SRC\Eden\EdenSurfaces.c ..\..\lib\SRC\Eden\EdenTime.c ..\..\lib\SRC\Eden\EdenUtil.c ..\..\lib\SRC\Eden\glm.c ..\..\lib\SRC\Eden\readtex.c
         EdenError.c
         EdenGLFont.c
     1>..\..\lib\SRC\Eden\EdenGLFont.c(376): warning C4018: “<”: 有符号/无符号不匹配
     1>..\..\lib\SRC\Eden\EdenGLFont.c(588): warning C4018: “<”: 有符号/无符号不匹配
         EdenMath.c
         EdenMessage.c
         EdenSound.c
         EdenSurfaces.c
         EdenTime.c
         EdenUtil.c
     1>..\..\lib\SRC\Eden\EdenUtil.c(210): warning C4018: “<”: 有符号/无符号不匹配
     1>..\..\lib\SRC\Eden\EdenUtil.c(212): warning C4018: “<”: 有符号/无符号不匹配
         glm.c
     1>..\..\lib\SRC\Eden\glm.c(2313): warning C4018: “<”: 有符号/无符号不匹配
     1>..\..\lib\SRC\Eden\glm.c(2418): warning C4018: “<”: 有符号/无符号不匹配
     1>..\..\lib\SRC\Eden\glm.c(2485): warning C4018: “<=”: 有符号/无符号不匹配
     1>..\..\lib\SRC\Eden\glm.c(2546): warning C4018: “<”: 有符号/无符号不匹配
         readtex.c
         正在生成代码...
       Lib:
         D:\Program Files (x86)\Microsoft Visual Studio 12.0\VC\bin\Lib.exe /OUT:"G:\ARToolKit5\VisualStudio\vs120\..\..\lib\win32-i386\Eden.lib" /NOLOGO Release\Eden\ALFramework.obj
         Release\Eden\CWaves.obj
         Release\Eden\EdenError.obj
         Release\Eden\EdenGLFont.obj
         Release\Eden\EdenMath.obj
         Release\Eden\EdenMessage.obj
         Release\Eden\EdenSound.obj
         Release\Eden\EdenSurfaces.obj
         Release\Eden\EdenTime.obj
         Release\Eden\EdenUtil.obj
         Release\Eden\glm.obj
         Release\Eden\readtex.obj
         Eden.vcxproj -> G:\ARToolKit5\VisualStudio\vs120\..\..\lib\win32-i386\Eden.lib
     1>已完成生成项目“G:\ARToolKit5\VisualStudio\vs120\Eden.vcxproj”(Build 个目标)的操作。

生成成功。

已用时间 00:00:05.25
