    正在创建库 G:\ARToolKit5\VisualStudio\vs140\..\..\lib\win64-x64\ARvideo.lib 和对象 G:\ARToolKit5\VisualStudio\vs140\..\..\lib\win64-x64\ARvideo.exp
libjpeg.lib(jcapimin.obj) : warning LNK4099: 未找到 PDB“libjpeg.pdb”(使用“libjpeg.lib(jcapimin.obj)”或在“G:\ARToolKit5\bin64\libjpeg.pdb”中寻找)；正在链接对象，如同没有调试信息一样
libjpeg.lib(jcapistd.obj) : warning LNK4099: 未找到 PDB“libjpeg.pdb”(使用“libjpeg.lib(jcapistd.obj)”或在“G:\ARToolKit5\bin64\libjpeg.pdb”中寻找)；正在链接对象，如同没有调试信息一样
libjpeg.lib(jccoefct.obj) : warning LNK4099: 未找到 PDB“libjpeg.pdb”(使用“libjpeg.lib(jccoefct.obj)”或在“G:\ARToolKit5\bin64\libjpeg.pdb”中寻找)；正在链接对象，如同没有调试信息一样
libjpeg.lib(jccolor.obj) : warning LNK4099: 未找到 PDB“libjpeg.pdb”(使用“libjpeg.lib(jccolor.obj)”或在“G:\ARToolKit5\bin64\libjpeg.pdb”中寻找)；正在链接对象，如同没有调试信息一样
libjpeg.lib(jcdctmgr.obj) : warning LNK4099: 未找到 PDB“libjpeg.pdb”(使用“libjpeg.lib(jcdctmgr.obj)”或在“G:\ARToolKit5\bin64\libjpeg.pdb”中寻找)；正在链接对象，如同没有调试信息一样
libjpeg.lib(jchuff.obj) : warning LNK4099: 未找到 PDB“libjpeg.pdb”(使用“libjpeg.lib(jchuff.obj)”或在“G:\ARToolKit5\bin64\libjpeg.pdb”中寻找)；正在链接对象，如同没有调试信息一样
libjpeg.lib(jcinit.obj) : warning LNK4099: 未找到 PDB“libjpeg.pdb”(使用“libjpeg.lib(jcinit.obj)”或在“G:\ARToolKit5\bin64\libjpeg.pdb”中寻找)；正在链接对象，如同没有调试信息一样
libjpeg.lib(jcmainct.obj) : warning LNK4099: 未找到 PDB“libjpeg.pdb”(使用“libjpeg.lib(jcmainct.obj)”或在“G:\ARToolKit5\bin64\libjpeg.pdb”中寻找)；正在链接对象，如同没有调试信息一样
libjpeg.lib(jcmarker.obj) : warning LNK4099: 未找到 PDB“libjpeg.pdb”(使用“libjpeg.lib(jcmarker.obj)”或在“G:\ARToolKit5\bin64\libjpeg.pdb”中寻找)；正在链接对象，如同没有调试信息一样
libjpeg.lib(jcmaster.obj) : warning LNK4099: 未找到 PDB“libjpeg.pdb”(使用“libjpeg.lib(jcmaster.obj)”或在“G:\ARToolKit5\bin64\libjpeg.pdb”中寻找)；正在链接对象，如同没有调试信息一样
libjpeg.lib(jcomapi.obj) : warning LNK4099: 未找到 PDB“libjpeg.pdb”(使用“libjpeg.lib(jcomapi.obj)”或在“G:\ARToolKit5\bin64\libjpeg.pdb”中寻找)；正在链接对象，如同没有调试信息一样
libjpeg.lib(jcparam.obj) : warning LNK4099: 未找到 PDB“libjpeg.pdb”(使用“libjpeg.lib(jcparam.obj)”或在“G:\ARToolKit5\bin64\libjpeg.pdb”中寻找)；正在链接对象，如同没有调试信息一样
libjpeg.lib(jcphuff.obj) : warning LNK4099: 未找到 PDB“libjpeg.pdb”(使用“libjpeg.lib(jcphuff.obj)”或在“G:\ARToolKit5\bin64\libjpeg.pdb”中寻找)；正在链接对象，如同没有调试信息一样
libjpeg.lib(jcprepct.obj) : warning LNK4099: 未找到 PDB“libjpeg.pdb”(使用“libjpeg.lib(jcprepct.obj)”或在“G:\ARToolKit5\bin64\libjpeg.pdb”中寻找)；正在链接对象，如同没有调试信息一样
libjpeg.lib(jcsample.obj) : warning LNK4099: 未找到 PDB“libjpeg.pdb”(使用“libjpeg.lib(jcsample.obj)”或在“G:\ARToolKit5\bin64\libjpeg.pdb”中寻找)；正在链接对象，如同没有调试信息一样
libjpeg.lib(jdapimin.obj) : warning LNK4099: 未找到 PDB“libjpeg.pdb”(使用“libjpeg.lib(jdapimin.obj)”或在“G:\ARToolKit5\bin64\libjpeg.pdb”中寻找)；正在链接对象，如同没有调试信息一样
libjpeg.lib(jdapistd.obj) : warning LNK4099: 未找到 PDB“libjpeg.pdb”(使用“libjpeg.lib(jdapistd.obj)”或在“G:\ARToolKit5\bin64\libjpeg.pdb”中寻找)；正在链接对象，如同没有调试信息一样
libjpeg.lib(jdatadst.obj) : warning LNK4099: 未找到 PDB“libjpeg.pdb”(使用“libjpeg.lib(jdatadst.obj)”或在“G:\ARToolKit5\bin64\libjpeg.pdb”中寻找)；正在链接对象，如同没有调试信息一样
libjpeg.lib(jdatasrc.obj) : warning LNK4099: 未找到 PDB“libjpeg.pdb”(使用“libjpeg.lib(jdatasrc.obj)”或在“G:\ARToolKit5\bin64\libjpeg.pdb”中寻找)；正在链接对象，如同没有调试信息一样
libjpeg.lib(jdcoefct.obj) : warning LNK4099: 未找到 PDB“libjpeg.pdb”(使用“libjpeg.lib(jdcoefct.obj)”或在“G:\ARToolKit5\bin64\libjpeg.pdb”中寻找)；正在链接对象，如同没有调试信息一样
libjpeg.lib(jdcolor.obj) : warning LNK4099: 未找到 PDB“libjpeg.pdb”(使用“libjpeg.lib(jdcolor.obj)”或在“G:\ARToolKit5\bin64\libjpeg.pdb”中寻找)；正在链接对象，如同没有调试信息一样
libjpeg.lib(jddctmgr.obj) : warning LNK4099: 未找到 PDB“libjpeg.pdb”(使用“libjpeg.lib(jddctmgr.obj)”或在“G:\ARToolKit5\bin64\libjpeg.pdb”中寻找)；正在链接对象，如同没有调试信息一样
libjpeg.lib(jdhuff.obj) : warning LNK4099: 未找到 PDB“libjpeg.pdb”(使用“libjpeg.lib(jdhuff.obj)”或在“G:\ARToolKit5\bin64\libjpeg.pdb”中寻找)；正在链接对象，如同没有调试信息一样
libjpeg.lib(jdinput.obj) : warning LNK4099: 未找到 PDB“libjpeg.pdb”(使用“libjpeg.lib(jdinput.obj)”或在“G:\ARToolKit5\bin64\libjpeg.pdb”中寻找)；正在链接对象，如同没有调试信息一样
libjpeg.lib(jdmainct.obj) : warning LNK4099: 未找到 PDB“libjpeg.pdb”(使用“libjpeg.lib(jdmainct.obj)”或在“G:\ARToolKit5\bin64\libjpeg.pdb”中寻找)；正在链接对象，如同没有调试信息一样
libjpeg.lib(jdmarker.obj) : warning LNK4099: 未找到 PDB“libjpeg.pdb”(使用“libjpeg.lib(jdmarker.obj)”或在“G:\ARToolKit5\bin64\libjpeg.pdb”中寻找)；正在链接对象，如同没有调试信息一样
libjpeg.lib(jdmaster.obj) : warning LNK4099: 未找到 PDB“libjpeg.pdb”(使用“libjpeg.lib(jdmaster.obj)”或在“G:\ARToolKit5\bin64\libjpeg.pdb”中寻找)；正在链接对象，如同没有调试信息一样
libjpeg.lib(jdmerge.obj) : warning LNK4099: 未找到 PDB“libjpeg.pdb”(使用“libjpeg.lib(jdmerge.obj)”或在“G:\ARToolKit5\bin64\libjpeg.pdb”中寻找)；正在链接对象，如同没有调试信息一样
libjpeg.lib(jdphuff.obj) : warning LNK4099: 未找到 PDB“libjpeg.pdb”(使用“libjpeg.lib(jdphuff.obj)”或在“G:\ARToolKit5\bin64\libjpeg.pdb”中寻找)；正在链接对象，如同没有调试信息一样
libjpeg.lib(jdpostct.obj) : warning LNK4099: 未找到 PDB“libjpeg.pdb”(使用“libjpeg.lib(jdpostct.obj)”或在“G:\ARToolKit5\bin64\libjpeg.pdb”中寻找)；正在链接对象，如同没有调试信息一样
libjpeg.lib(jdsample.obj) : warning LNK4099: 未找到 PDB“libjpeg.pdb”(使用“libjpeg.lib(jdsample.obj)”或在“G:\ARToolKit5\bin64\libjpeg.pdb”中寻找)；正在链接对象，如同没有调试信息一样
libjpeg.lib(jerror.obj) : warning LNK4099: 未找到 PDB“libjpeg.pdb”(使用“libjpeg.lib(jerror.obj)”或在“G:\ARToolKit5\bin64\libjpeg.pdb”中寻找)；正在链接对象，如同没有调试信息一样
libjpeg.lib(jfdctflt.obj) : warning LNK4099: 未找到 PDB“libjpeg.pdb”(使用“libjpeg.lib(jfdctflt.obj)”或在“G:\ARToolKit5\bin64\libjpeg.pdb”中寻找)；正在链接对象，如同没有调试信息一样
libjpeg.lib(jfdctfst.obj) : warning LNK4099: 未找到 PDB“libjpeg.pdb”(使用“libjpeg.lib(jfdctfst.obj)”或在“G:\ARToolKit5\bin64\libjpeg.pdb”中寻找)；正在链接对象，如同没有调试信息一样
libjpeg.lib(jfdctint.obj) : warning LNK4099: 未找到 PDB“libjpeg.pdb”(使用“libjpeg.lib(jfdctint.obj)”或在“G:\ARToolKit5\bin64\libjpeg.pdb”中寻找)；正在链接对象，如同没有调试信息一样
libjpeg.lib(jidctflt.obj) : warning LNK4099: 未找到 PDB“libjpeg.pdb”(使用“libjpeg.lib(jidctflt.obj)”或在“G:\ARToolKit5\bin64\libjpeg.pdb”中寻找)；正在链接对象，如同没有调试信息一样
libjpeg.lib(jidctfst.obj) : warning LNK4099: 未找到 PDB“libjpeg.pdb”(使用“libjpeg.lib(jidctfst.obj)”或在“G:\ARToolKit5\bin64\libjpeg.pdb”中寻找)；正在链接对象，如同没有调试信息一样
libjpeg.lib(jidctint.obj) : warning LNK4099: 未找到 PDB“libjpeg.pdb”(使用“libjpeg.lib(jidctint.obj)”或在“G:\ARToolKit5\bin64\libjpeg.pdb”中寻找)；正在链接对象，如同没有调试信息一样
libjpeg.lib(jidctred.obj) : warning LNK4099: 未找到 PDB“libjpeg.pdb”(使用“libjpeg.lib(jidctred.obj)”或在“G:\ARToolKit5\bin64\libjpeg.pdb”中寻找)；正在链接对象，如同没有调试信息一样
libjpeg.lib(jmemansi.obj) : warning LNK4099: 未找到 PDB“libjpeg.pdb”(使用“libjpeg.lib(jmemansi.obj)”或在“G:\ARToolKit5\bin64\libjpeg.pdb”中寻找)；正在链接对象，如同没有调试信息一样
libjpeg.lib(jmemmgr.obj) : warning LNK4099: 未找到 PDB“libjpeg.pdb”(使用“libjpeg.lib(jmemmgr.obj)”或在“G:\ARToolKit5\bin64\libjpeg.pdb”中寻找)；正在链接对象，如同没有调试信息一样
libjpeg.lib(jquant1.obj) : warning LNK4099: 未找到 PDB“libjpeg.pdb”(使用“libjpeg.lib(jquant1.obj)”或在“G:\ARToolKit5\bin64\libjpeg.pdb”中寻找)；正在链接对象，如同没有调试信息一样
libjpeg.lib(jquant2.obj) : warning LNK4099: 未找到 PDB“libjpeg.pdb”(使用“libjpeg.lib(jquant2.obj)”或在“G:\ARToolKit5\bin64\libjpeg.pdb”中寻找)；正在链接对象，如同没有调试信息一样
libjpeg.lib(jutils.obj) : warning LNK4099: 未找到 PDB“libjpeg.pdb”(使用“libjpeg.lib(jutils.obj)”或在“G:\ARToolKit5\bin64\libjpeg.pdb”中寻找)；正在链接对象，如同没有调试信息一样
  ARvideo.vcxproj -> G:\ARToolKit5\VisualStudio\vs140\..\..\bin64\ARvideo.dll
  ARvideo.vcxproj -> G:\ARToolKit5\VisualStudio\vs140\..\..\bin64\ARvideo.pdb (Full PDB)
