生成启动时间为 2018/5/24 21:10:30。
     1>项目“G:\ARToolKit5\VisualStudio\vs120\ARgsub.vcxproj”在节点 3 上(Build 个目标)。
     1>ClCompile:
         D:\Program Files (x86)\Microsoft Visual Studio 12.0\VC\bin\CL.exe /c /I"G:\ARToolKit5\VisualStudio\vs120\..\..\include\win32-i386" /IG:\ARToolKit5\VisualStudio\vs120\..\..\include /Zi /nologo /W3 /WX- /Od /Oy- /D WIN32 /D _DEBUG /D _LIB /D _VC80_UPGRADE=0x0710 /D _MBCS /Gm /EHsc /RTC1 /MDd /GS /fp:precise /Zc:wchar_t /Zc:forScope /Fo"Debug\ARgsub\\" /Fd"Debug\ARgsub\vc120.pdb" /Gd /TC /analyze- /errorReport:prompt ..\..\lib\SRC\Gl\argBase.c ..\..\lib\SRC\Gl\argDraw.c ..\..\lib\SRC\Gl\argDrawImage.c ..\..\lib\SRC\Gl\argDrawMode.c ..\..\lib\SRC\Gl\argFunction.c ..\..\lib\SRC\Gl\argWindow.c ..\..\lib\SRC\Gl\gsubTest.c
         gsubTest.c
         argWindow.c
         argFunction.c
         argDrawMode.c
         argDrawImage.c
         argDraw.c
         argBase.c
         正在生成代码...
       Lib:
         D:\Program Files (x86)\Microsoft Visual Studio 12.0\VC\bin\Lib.exe /OUT:"G:\ARToolKit5\VisualStudio\vs120\..\..\lib\win32-i386\ARgsubd.lib" /NOLOGO Debug\ARgsub\argBase.obj
         Debug\ARgsub\argDraw.obj
         Debug\ARgsub\argDrawImage.obj
         Debug\ARgsub\argDrawMode.obj
         Debug\ARgsub\argFunction.obj
         Debug\ARgsub\argWindow.obj
         Debug\ARgsub\gsubTest.obj
         ARgsub.vcxproj -> G:\ARToolKit5\VisualStudio\vs120\..\..\lib\win32-i386\ARgsubd.lib
     1>已完成生成项目“G:\ARToolKit5\VisualStudio\vs120\ARgsub.vcxproj”(Build 个目标)的操作。

生成成功。

已用时间 00:00:03.40
