生成启动时间为 2018/5/24 21:15:22。
     1>项目“G:\ARToolKit5\VisualStudio\vs120\Eden.vcxproj”在节点 2 上(Build 个目标)。
     1>ClCompile:
         D:\Program Files (x86)\Microsoft Visual Studio 12.0\VC\bin\x86_amd64\CL.exe /c /I"G:\ARToolKit5\VisualStudio\vs120\..\..\include\win64-x64" /IG:\ARToolKit5\VisualStudio\vs120\..\..\include /Zi /nologo /W1 /WX- /O2 /D WIN32 /D NDEBUG /D _LIB /D _CRT_SECURE_NO_WARNINGS /D _VC80_UPGRADE=0x0710 /Gm- /EHsc /MD /GS /fp:precise /Zc:wchar_t /Zc:forScope /Fo"x64\Release\Eden\\" /Fd"x64\Release\Eden\vc120.pdb" /Gd /TP /wd4996 /errorReport:prompt ..\..\lib\SRC\Eden\ALFramework.cpp ..\..\lib\SRC\Eden\CWaves.cpp
         ALFramework.cpp
         CWaves.cpp
         正在生成代码...
         D:\Program Files (x86)\Microsoft Visual Studio 12.0\VC\bin\x86_amd64\CL.exe /c /I"G:\ARToolKit5\VisualStudio\vs120\..\..\include\win64-x64" /IG:\ARToolKit5\VisualStudio\vs120\..\..\include /Zi /nologo /W1 /WX- /O2 /D WIN32 /D NDEBUG /D _LIB /D _CRT_SECURE_NO_WARNINGS /D _VC80_UPGRADE=0x0710 /Gm- /EHsc /MD /GS /fp:precise /Zc:wchar_t /Zc:forScope /Fo"x64\Release\Eden\\" /Fd"x64\Release\Eden\vc120.pdb" /Gd /TC /wd4996 /errorReport:prompt ..\..\lib\SRC\Eden\EdenError.c ..\..\lib\SRC\Eden\EdenGLFont.c ..\..\lib\SRC\Eden\EdenMath.c ..\..\lib\SRC\Eden\EdenMessage.c ..\..\lib\SRC\Eden\EdenSound.c ..\..\lib\SRC\Eden\EdenSurfaces.c ..\..\lib\SRC\Eden\EdenTime.c ..\..\lib\SRC\Eden\EdenUtil.c ..\..\lib\SRC\Eden\glm.c ..\..\lib\SRC\Eden\readtex.c
         EdenError.c
         EdenGLFont.c
         EdenMath.c
         EdenMessage.c
         EdenSound.c
         EdenSurfaces.c
         EdenTime.c
         EdenUtil.c
         glm.c
         readtex.c
         正在生成代码...
       Lib:
         D:\Program Files (x86)\Microsoft Visual Studio 12.0\VC\bin\x86_amd64\Lib.exe /OUT:"G:\ARToolKit5\VisualStudio\vs120\..\..\lib\win64-x64\Eden.lib" /NOLOGO /MACHINE:X64 x64\Release\Eden\ALFramework.obj
         x64\Release\Eden\CWaves.obj
         x64\Release\Eden\EdenError.obj
         x64\Release\Eden\EdenGLFont.obj
         x64\Release\Eden\EdenMath.obj
         x64\Release\Eden\EdenMessage.obj
         x64\Release\Eden\EdenSound.obj
         x64\Release\Eden\EdenSurfaces.obj
         x64\Release\Eden\EdenTime.obj
         x64\Release\Eden\EdenUtil.obj
         x64\Release\Eden\glm.obj
         x64\Release\Eden\readtex.obj
         Eden.vcxproj -> G:\ARToolKit5\VisualStudio\vs120\..\..\lib\win64-x64\Eden.lib
     1>已完成生成项目“G:\ARToolKit5\VisualStudio\vs120\Eden.vcxproj”(Build 个目标)的操作。

生成成功。

已用时间 00:00:06.02
