生成启动时间为 2018/5/24 21:15:53。
     1>项目“G:\ARToolKit5\VisualStudio\vs120\ARWrapper.vcxproj”在节点 5 上(Build 个目标)。
     1>ClCompile:
         D:\Program Files (x86)\Microsoft Visual Studio 12.0\VC\bin\x86_amd64\CL.exe /c /IG:\ARToolKit5\VisualStudio\vs120\..\..\include /I"G:\ARToolKit5\VisualStudio\vs120\..\..\include\win64-x64" /Zi /nologo /W3 /WX- /O2 /Oi /GL /D HAVE_NFT /D WIN32 /D NDEBUG /D _WINDOWS /D _USRDLL /D ARTOOLKIT5UNITY_EXPORTS /D _CRT_SECURE_NO_WARNINGS /D _WINDLL /D _UNICODE /D UNICODE /Gm- /EHsc /MD /GS /Gy /fp:precise /Zc:wchar_t /Zc:forScope /Fo"x64\Release\ARWrapper\\" /Fd"x64\Release\ARWrapper\vc120.pdb" /Gd /TP /wd4068 /wd4065 /wd4996 /errorReport:prompt ..\..\lib\SRC\ARWrapper\ARToolKitWrapperExportedAPI.cpp ..\..\lib\SRC\ARWrapper\ARMarker.cpp ..\..\lib\SRC\ARWrapper\ARPattern.cpp ..\..\lib\SRC\ARWrapper\ARMarkerMulti.cpp ..\..\lib\SRC\ARWrapper\ARMarkerSquare.cpp ..\..\lib\SRC\ARWrapper\ARMarkerNFT.cpp ..\..\lib\SRC\ARWrapper\AndroidVideoSource.cpp ..\..\lib\SRC\ARWrapper\ARToolKitVideoSource.cpp ..\..\lib\SRC\ARWrapper\VideoSource.cpp ..\..\lib\SRC\ARWrapper\ColorConversion.cpp ..\..\lib\SRC\ARWrapper\ARController.cpp ..\..\lib\SRC\ARWrapper\AndroidFeatures.cpp
         ARToolKitWrapperExportedAPI.cpp
         ARMarker.cpp
         ARPattern.cpp
         ARMarkerMulti.cpp
         ARMarkerSquare.cpp
         ARMarkerNFT.cpp
         AndroidVideoSource.cpp
         ARToolKitVideoSource.cpp
         VideoSource.cpp
         ColorConversion.cpp
         ARController.cpp
         AndroidFeatures.cpp
         D:\Program Files (x86)\Microsoft Visual Studio 12.0\VC\bin\x86_amd64\CL.exe /c /IG:\ARToolKit5\VisualStudio\vs120\..\..\include /I"G:\ARToolKit5\VisualStudio\vs120\..\..\include\win64-x64" /Zi /nologo /W3 /WX- /O2 /Oi /GL /D HAVE_NFT /D WIN32 /D NDEBUG /D _WINDOWS /D _USRDLL /D ARTOOLKIT5UNITY_EXPORTS /D _CRT_SECURE_NO_WARNINGS /D _WINDLL /D _UNICODE /D UNICODE /Gm- /EHsc /MD /GS /Gy /fp:precise /Zc:wchar_t /Zc:forScope /Fo"x64\Release\ARWrapper\\" /Fd"x64\Release\ARWrapper\vc120.pdb" /Gd /TC /wd4068 /wd4065 /wd4996 /errorReport:prompt ..\..\lib\SRC\ARWrapper\trackingSub.c
         trackingSub.c
       Link:
         D:\Program Files (x86)\Microsoft Visual Studio 12.0\VC\bin\x86_amd64\link.exe /ERRORREPORT:PROMPT /OUT:"G:\ARToolKit5\VisualStudio\vs120\..\..\bin64\ARWrapper.dll" /INCREMENTAL:NO /NOLOGO /LIBPATH:"..\..\lib\win64-x64" /LIBPATH:..\..\lib AR.lib ARgsub_lite.lib ARVideo.lib ARMulti.lib ARICP.lib AR2.lib KPM.lib ARUtil.lib pthreadVC2.lib opengl32.lib glu32.lib libjpeg.lib kernel32.lib user32.lib gdi32.lib winspool.lib comdlg32.lib advapi32.lib shell32.lib ole32.lib oleaut32.lib uuid.lib odbc32.lib odbccp32.lib /MANIFEST /MANIFESTUAC:"level='asInvoker' uiAccess='false'" /manifest:embed /PDB:"G:\ARToolKit5\VisualStudio\vs120\..\..\bin64\ARWrapper.pdb" /SUBSYSTEM:WINDOWS /OPT:REF /OPT:ICF /LTCG /TLBID:1 /DYNAMICBASE /NXCOMPAT /IMPLIB:"G:\ARToolKit5\VisualStudio\vs120\..\..\lib\win64-x64\ARWrapper.lib" /MACHINE:X64 /DLL x64\Release\ARWrapper\ARToolKitWrapperExportedAPI.obj
         x64\Release\ARWrapper\ARMarker.obj
         x64\Release\ARWrapper\ARPattern.obj
         x64\Release\ARWrapper\ARMarkerMulti.obj
         x64\Release\ARWrapper\ARMarkerSquare.obj
         x64\Release\ARWrapper\ARMarkerNFT.obj
         x64\Release\ARWrapper\trackingSub.obj
         x64\Release\ARWrapper\AndroidVideoSource.obj
         x64\Release\ARWrapper\ARToolKitVideoSource.obj
         x64\Release\ARWrapper\VideoSource.obj
         x64\Release\ARWrapper\ColorConversion.obj
         x64\Release\ARWrapper\ARController.obj
         x64\Release\ARWrapper\AndroidFeatures.obj
            正在创建库 G:\ARToolKit5\VisualStudio\vs120\..\..\lib\win64-x64\ARWrapper.lib 和对象 G:\ARToolKit5\VisualStudio\vs120\..\..\lib\win64-x64\ARWrapper.exp
         正在生成代码
         已完成代码的生成
         ARWrapper.vcxproj -> G:\ARToolKit5\VisualStudio\vs120\..\..\bin64\ARWrapper.dll
       PostBuildEvent:
         copy "G:\ARToolKit5\VisualStudio\vs120\..\..\bin64\ARWrapper.dll" ..\bin
         :VCEnd
         已复制         1 个文件。
     1>已完成生成项目“G:\ARToolKit5\VisualStudio\vs120\ARWrapper.vcxproj”(Build 个目标)的操作。

生成成功。

已用时间 00:00:04.58
