生成启动时间为 2018/5/24 21:11:02。
     1>项目“G:\ARToolKit5\VisualStudio\vs120\calib_optical.vcxproj”在节点 2 上(Build 个目标)。
     1>ClCompile:
         D:\Program Files (x86)\Microsoft Visual Studio 12.0\VC\bin\CL.exe /c /I"G:\ARToolKit5\VisualStudio\vs120\..\..\include\win32-i386" /IG:\ARToolKit5\VisualStudio\vs120\..\..\include /Zi /nologo /W3 /WX- /Od /Oy- /D WIN32 /D _DEBUG /D DEBUG /D _CONSOLE /D _CRT_SECURE_NO_DEPRECATE /D _CRT_NONSTDC_NO_DEPRECATE /D _VC80_UPGRADE=0x0710 /D _MBCS /Gm /EHsc /RTC1 /MDd /GS /fp:precise /Zc:wchar_t /Zc:forScope /Fo"Debug\calib_optical\\" /Fd"Debug\calib_optical\vc120.pdb" /Gd /TC /analyze- /errorReport:prompt ..\..\util\calib_optical\calc_optical.c ..\..\util\calib_optical\calib_optical.c ..\..\util\calib_optical\getInput.c
         getInput.c
         calib_optical.c
         calc_optical.c
         正在生成代码...
       Link:
         D:\Program Files (x86)\Microsoft Visual Studio 12.0\VC\bin\link.exe /ERRORREPORT:PROMPT /OUT:"G:\ARToolKit5\VisualStudio\vs120\..\..\bin\calib_opticald.exe" /INCREMENTAL:NO /NOLOGO /LIBPATH:"G:\ARToolKit5\VisualStudio\vs120\..\..\lib\win32-i386" /LIBPATH:G:\ARToolKit5\VisualStudio\vs120\..\..\lib ARd.lib ARICPd.lib ARgsub_lited.lib ARvideod.lib Edend.lib libjpeg.lib pthreadVC2.lib shell32.lib kernel32.lib user32.lib gdi32.lib winspool.lib comdlg32.lib advapi32.lib shell32.lib ole32.lib oleaut32.lib uuid.lib odbc32.lib odbccp32.lib /MANIFEST /MANIFESTUAC:"level='asInvoker' uiAccess='false'" /manifest:embed /DEBUG /PDB:"G:\ARToolKit5\VisualStudio\vs120\..\..\bin\calib_optical.pdb" /SUBSYSTEM:CONSOLE /TLBID:1 /DYNAMICBASE:NO /IMPLIB:"G:\ARToolKit5\VisualStudio\vs120\..\..\bin\calib_opticald.lib" /MACHINE:X86 /SAFESEH Debug\calib_optical\calc_optical.obj
         Debug\calib_optical\calib_optical.obj
         Debug\calib_optical\getInput.obj
         libjpeg.lib(jerror.obj) : 找到 MSIL .netmodule 或使用 /GL 编译的模块；正在使用 /LTCG 重新启动链接；将 /LTCG 添加到链接命令行以改进链接器性能
     1>LINK : warning LNK4098: 默认库“MSVCRT”与其他库的使用冲突；请使用 /NODEFAULTLIB:library
         正在生成代码
         已完成代码的生成
         calib_optical.vcxproj -> G:\ARToolKit5\VisualStudio\vs120\..\..\bin\calib_opticald.exe
     1>已完成生成项目“G:\ARToolKit5\VisualStudio\vs120\calib_optical.vcxproj”(Build 个目标)的操作。

生成成功。

已用时间 00:00:02.23
